[debug] [2024-12-29T18:47:29.902Z] ----------------------------------------------------------------------
[debug] [2024-12-29T18:47:29.904Z] Command:       C:\Users\khize\AppData\Roaming\nvm\v20.9.0\node.exe C:\Users\khize\AppData\Roaming\nvm\v20.9.0\node_modules\firebase-tools\lib\bin\firebase.js login
[debug] [2024-12-29T18:47:29.904Z] CLI Version:   13.29.1
[debug] [2024-12-29T18:47:29.905Z] Platform:      win32
[debug] [2024-12-29T18:47:29.905Z] Node Version:  v20.9.0
[debug] [2024-12-29T18:47:29.905Z] Time:          Sun Dec 29 2024 23:47:29 GMT+0500 (Pakistan Standard Time)
[debug] [2024-12-29T18:47:29.905Z] ----------------------------------------------------------------------
[debug] 
[debug] [2024-12-29T18:47:29.907Z] >>> [apiv2][query] GET https://firebase-public.firebaseio.com/cli.json [none]
[info] i  Firebase optionally collects CLI and Emulator Suite usage and error reporting information to help improve our products. Data is collected in accordance with Google's privacy policy (https://policies.google.com/privacy) and is not used to identify you.
 
[debug] [2024-12-29T18:47:30.710Z] <<< [apiv2][status] GET https://firebase-public.firebaseio.com/cli.json 200
[debug] [2024-12-29T18:47:30.710Z] <<< [apiv2][body] GET https://firebase-public.firebaseio.com/cli.json {"cloudBuildErrorAfter":1594252800000,"cloudBuildWarnAfter":1590019200000,"defaultNode10After":1594252800000,"minVersion":"3.0.5","node8DeploysDisabledAfter":1613390400000,"node8RuntimeDisabledAfter":1615809600000,"node8WarnAfter":1600128000000}
[info] i  To change your data collection preference at any time, run `firebase logout` and log in again. 
[info] 
[info] Visit this URL on this device to log in:
[info] https://accounts.google.com/o/oauth2/auth?client_id=563584335869-fgrhgmd47bqnekij5i8b5pr03ho849e6.apps.googleusercontent.com&scope=email%20openid%20https%3A%2F%2Fwww.googleapis.com%2Fauth%2Fcloudplatformprojects.readonly%20https%3A%2F%2Fwww.googleapis.com%2Fauth%2Ffirebase%20https%3A%2F%2Fwww.googleapis.com%2Fauth%2Fcloud-platform&response_type=code&state=810281854&redirect_uri=http%3A%2F%2Flocalhost%3A9005
[info] 
[info] Waiting for authentication...
[debug] [2024-12-29T18:48:17.190Z] >>> [apiv2][query] POST https://auth.firebase.tools/attest [none]
[debug] [2024-12-29T18:48:17.191Z] >>> [apiv2][body] POST https://auth.firebase.tools/attest {"session_id":"3814ead4-3cd1-4f03-873b-c8c8a6f31c25"}
[debug] [2024-12-29T18:48:18.157Z] <<< [apiv2][status] POST https://auth.firebase.tools/attest 200
[debug] [2024-12-29T18:48:18.157Z] <<< [apiv2][body] POST https://auth.firebase.tools/attest {"token":"oKl6lQQrrFdItZ_kTOyp9ZESdGbAMMeguXrBv-k4BoI"}
[info] 
[info] To sign in to the Firebase CLI:
[info] 
[info] 1. Take note of your session ID:
[info] 
[info]    3814E
[info] 
[info] 2. Visit the URL below on any device and follow the instructions to get your code:
[info] 
[info]    https://auth.firebase.tools/login?code_challenge=LiUTmsW-5WFR8DAYkahLMxyX-DAjK9VVRpRu-Y6Q8S0&session=3814ead4-3cd1-4f03-873b-c8c8a6f31c25&attest=oKl6lQQrrFdItZ_kTOyp9ZESdGbAMMeguXrBv-k4BoI
[info] 
[info] 3. Paste or enter the authorization code below once you have it:
[info] 
